<html>
<body>
<pre>
<h1>Vision Build Log</h1>
<h2>Project:</h2>
D:\必修课\大三下\机电系统\ExperimentOn8051\Experiment4\Experiment.uvproj
Project File Date:  04/18/2019

<h2>Output:</h2>
Build target 'Target 1'
assembling Experiment_3.asm...
Experiment_3.asm(10): error A45: UNDEFINED SYMBOL (PASS-2)
assembling experiment_3withComments.asm...
assembling Experiment_41byZFY.asm...
Experiment_41byZFY.asm(40): error A22: EXPRESSION TYPE DOES NOT MATCH INSTRUCTION
Experiment_41byZFY.asm(50): error A22: EXPRESSION TYPE DOES NOT MATCH INSTRUCTION
Target not created
Build target 'Target 1'
assembling Experiment_3.asm...
Experiment_3.asm(10): error A45: UNDEFINED SYMBOL (PASS-2)
assembling Experiment_41byZFY.asm...
Target not created
assembling Experiment_41byZFY.asm...
Experiment_41byZFY.asm - 0 Error(s), 0 Warning(s).
